Seed value: 9099785064401583231

Initial elements:
[93, 88, 61, 48, 98, 77, 65, 74, 15, 61, 35, 24, 7, 38, 82, 7, 14, 90, 42, 30]

Step 1.
Initial AVL tree after inserting the above list and rebalancing:

                __________61____________
               /                        \
       _______35___               _______88___
      /            \             /            \
  ___15            _42         _74            _93
 /     \          /   \       /   \          /   \
7       24       38    48    65    77       90    98
 \        \                          \
  14       30                         82

Step 2.
Node 90 already exists, remove 90 before inserting.
AVL Tree after attempting to insert 45, 86, 90 and rebalancing:

                _____________61_______________
               /                              \
       _______35___                  __________88___
      /            \                /               \
  ___15            _42___         _74___            _93
 /     \          /      \       /      \          /   \
7       24       38      _48    65      _82       90    98
 \        \             /              /   \
  14       30          45             77    86

Step 3.
AVL Tree after removing 15, 7, 90 and rebalancing:

           _____________61_______________
          /                              \
     ____35___                  __________88
    /         \                /            \
  _24         _42___         _74___          93
 /   \       /      \       /      \           \
14    30    38      _48    65      _82          98
                   /              /   \
                  45             77    86

Seed value: 5363867274531546244

Initial elements:
[93, 88, 61, 48, 98, 77, 65, 74, 15, 61, 35, 24, 7, 38, 82, 7, 14, 90, 42, 30]

Step #1.
Initial AVL tree after inserting the above list and rebalancing:

                __________61____________
               /                        \
       _______35___               _______88___
      /            \             /            \
  ___15            _42         _74            _93
 /     \          /   \       /   \          /   \
7       24       38    48    65    77       90    98
 \        \                          \
  14       30                         82

Step #2.
Node 90 already exists, remove 90 before inserting.
AVL Tree after attempting to insert 45, 86, 90 and rebalancing:

                _____________61_______________
               /                              \
       _______35___                  __________88___
      /            \                /               \
  ___15            _42___         _74___            _93
 /     \          /      \       /      \          /   \
7       24       38      _48    65      _82       90    98
 \        \             /              /   \
  14       30          45             77    86

Step #3.
AVL Tree after removing 15, 7, 90 and rebalancing:

           _____________61_______________
          /                              \
     ____35___                  __________88
    /         \                /            \
  _24         _42___         _74___          93
 /   \       /      \       /      \           \
14    30    38      _48    65      _82          98
                   /              /   \
                  45             77    86

Seed value: 3659933912090058074

Initial elements:
[23, 20, 99, 84, 20, 51, 68, 59, 71, 89, 78, 83, 95, 52, 66, 68, 57, 94, 8, 11]

Step #1.
Initial AVL tree after inserting the above list and rebalancing:

             _____________68_________
            /                        \
       ____51______               ____84______
      /            \             /            \
  ___20         ____59         _78         ____95
 /     \       /      \       /   \       /      \
8       23    52       66    71    83    89       99
 \              \                          \
  11             57                         94

Step #2.
AVL Tree after attempting to insert 91, 34, 82 and rebalancing:

                _____________68____________
               /                           \
       _______51______               _______84_________
      /               \             /                  \
  ___20            ____59         _78___            ____95
 /     \          /      \       /      \          /      \
8       23       52       66    71      _83      _91       99
 \        \        \                   /        /   \
  11       34       57                82       89    94

Step #3.
AVL Tree after removing 20, 82, 11 and rebalancing:

          _____________68_________
         /                        \
    ____51______               ____84_________
   /            \             /               \
  23         ____59         _78            ____95
 /  \       /      \       /   \          /      \
8    34    52       66    71    83      _91       99
             \                         /   \
              57                      89    94

Seed value: 2207271400403732840

Initial elements:
[45, 64, 90, 94, 88, 79, 12, 55, 44, 71, 12, 93, 35, 55, 22, 5, 62, 4, 66, 16]

Step #1.
Initial AVL tree after inserting the above list and rebalancing:

               _____________64_________
              /                        \
      _______35___                  ____88___
     /            \                /         \
    12___         _45            _71         _93
   /     \       /   \          /   \       /   \
  5      _22    44    55       66    79    90    94
 /      /               \
4      16                62

Step #2.
AVL Tree after attempting to insert 28, 96, 52 and rebalancing:

                  ________________64_________
                 /                           \
      __________35___                     ____88___
     /               \                   /         \
    12___            _45___            _71         _93
   /     \          /      \          /   \       /   \
  5      _22       44      _55       66    79    90    94
 /      /   \             /   \                          \
4      16    28          52    62                         96

Step #3.
AVL Tree after removing 44, 28, 55 and rebalancing:

               __________64_________
              /                     \
      _______35___               ____88___
     /            \             /         \
    12___         _52         _71         _93
   /     \       /   \       /   \       /   \
  5      _22    45    62    66    79    90    94
 /      /                                       \
4      16                                        96

